<?xml version="1.0" encoding="UTF-8"?>
<testng-results skipped="0" failed="0" ignored="0" total="1" passed="1">
  <reporter-output>
  </reporter-output>
  <suite name="Default suite" duration-ms="16226" started-at="2019-02-28T01:42:56Z" finished-at="2019-02-28T01:43:12Z">
    <groups>
    </groups>
    <test name="Default test" duration-ms="16226" started-at="2019-02-28T01:42:56Z" finished-at="2019-02-28T01:43:12Z">
      <class name="Academy.benime2eProject.homePage">
        <test-method status="PASS" signature="basePageNavigation()[pri:0, instance:Academy.benime2eProject.homePage@3ba9ad43]" name="basePageNavigation" duration-ms="15995" started-at="2019-02-28T01:42:56Z" finished-at="2019-02-28T01:43:12Z">
          <reporter-output>
          </reporter-output>
        </test-method> <!-- basePageNavigation -->
        <test-method status="PASS" signature="closePage()[pri:0, instance:Academy.benime2eProject.homePage@3ba9ad43]" name="closePage" is-config="true" duration-ms="173" started-at="2019-02-28T01:43:12Z" finished-at="2019-02-28T01:43:12Z">
          <reporter-output>
          </reporter-output>
        </test-method> <!-- closePage -->
      </class> <!-- Academy.benime2eProject.homePage -->
    </test> <!-- Default test -->
  </suite> <!-- Default suite -->
</testng-results>
